# JRE version: OpenJDK Runtime Environment (21.0.8) (build 21.0.8+-14018985-b1038.68)
# Java VM: OpenJDK 64-Bit Server VM (21.0.8+-14018985-b1038.68, mixed mode, tiered, compressed oops, compressed class ptrs, g1 gc, windows-amd64)
GC Precious Log:
 CardTable entry size: 512
 Card Set container configuration: InlinePtr #cards 5 size 8 Array Of Cards #cards 12 size 40 Howl #buckets 4 coarsen threshold 1843 Howl Bitmap #cards 512 size 80 coarsen threshold 460 Card regions per heap region 1 cards per card region 2048
 CPUs: 8 total, 8 available
 Memory: 7975M
 Large Page Support: Disabled
 NUMA Support: Disabled
 Compressed Oops: Enabled (32-bit)
 Heap Region Size: 1M
 Heap Min Capacity: 8M
 Heap Initial Capacity: 126M
 Heap Max Capacity: 2G
 Pre-touch: Disabled
 Parallel Workers: 8
 Concurrent Workers: 2
 Concurrent Refinement Workers: 8
 Periodic GC: Disabled
Heap:
 garbage-first heap   total 472064K, used 405080K [0x0000000080000000, 0x0000000100000000)
  region size 1024K, 139 young (142336K), 9 survivors (9216K)
 Metaspace       used 256982K, committed 260096K, reserved 1310720K
  class space    used 34116K, committed 35648K, reserved 1048576K
GC Heap History (20 events):
Event: 1262.526 GC heap before
{Heap before GC invocations=65 (full 0):
 garbage-first heap   total 367616K, used 309653K [0x0000000080000000, 0x0000000100000000)
  region size 1024K, 88 young (90112K), 7 survivors (7168K)
 Metaspace       used 168962K, committed 171520K, reserved 1245184K
  class space    used 23309K, committed 24576K, reserved 1048576K
}
Event: 1262.535 GC heap after
{Heap after GC invocations=66 (full 0):
 garbage-first heap   total 367616K, used 229151K [0x0000000080000000, 0x0000000100000000)
  region size 1024K, 7 young (7168K), 7 survivors (7168K)
 Metaspace       used 168962K, committed 171520K, reserved 1245184K
  class space    used 23309K, committed 24576K, reserved 1048576K
}
Event: 1265.121 GC heap before
{Heap before GC invocations=66 (full 0):
 garbage-first heap   total 367616K, used 340767K [0x0000000080000000, 0x0000000100000000)
  region size 1024K, 116 young (118784K), 7 survivors (7168K)
 Metaspace       used 182917K, committed 185472K, reserved 1245184K
  class space    used 25243K, committed 26496K, reserved 1048576K
}
Event: 1265.151 GC heap after
{Heap after GC invocations=67 (full 0):
 garbage-first heap   total 367616K, used 203914K [0x0000000080000000, 0x0000000100000000)
  region size 1024K, 12 young (12288K), 12 survivors (12288K)
 Metaspace       used 182917K, committed 185472K, reserved 1245184K
  class space    used 25243K, committed 26496K, reserved 1048576K
}
Event: 1267.918 GC heap before
{Heap before GC invocations=67 (full 0):
 garbage-first heap   total 367616K, used 343178K [0x0000000080000000, 0x0000000100000000)
  region size 1024K, 140 young (143360K), 12 survivors (12288K)
 Metaspace       used 196614K, committed 199232K, reserved 1245184K
  class space    used 27190K, committed 28480K, reserved 1048576K
}
Event: 1267.950 GC heap after
{Heap after GC invocations=68 (full 0):
 garbage-first heap   total 370688K, used 217086K [0x0000000080000000, 0x0000000100000000)
  region size 1024K, 18 young (18432K), 18 survivors (18432K)
 Metaspace       used 196614K, committed 199232K, reserved 1245184K
  class space    used 27190K, committed 28480K, reserved 1048576K
}
Event: 1268.520 GC heap before
{Heap before GC invocations=68 (full 0):
 garbage-first heap   total 370688K, used 239614K [0x0000000080000000, 0x0000000100000000)
  region size 1024K, 41 young (41984K), 18 survivors (18432K)
 Metaspace       used 200025K, committed 202624K, reserved 1245184K
  class space    used 27582K, committed 28864K, reserved 1048576K
}
Event: 1268.534 GC heap after
{Heap after GC invocations=69 (full 0):
 garbage-first heap   total 370688K, used 220992K [0x0000000080000000, 0x0000000100000000)
  region size 1024K, 3 young (3072K), 3 survivors (3072K)
 Metaspace       used 200025K, committed 202624K, reserved 1245184K
  class space    used 27582K, committed 28864K, reserved 1048576K
}
Event: 1271.303 GC heap before
{Heap before GC invocations=70 (full 0):
 garbage-first heap   total 378880K, used 348992K [0x0000000080000000, 0x0000000100000000)
  region size 1024K, 123 young (125952K), 3 survivors (3072K)
 Metaspace       used 214760K, committed 217792K, reserved 1245184K
  class space    used 29327K, committed 30848K, reserved 1048576K
}
Event: 1271.314 GC heap after
{Heap after GC invocations=71 (full 0):
 garbage-first heap   total 378880K, used 232824K [0x0000000080000000, 0x0000000100000000)
  region size 1024K, 9 young (9216K), 9 survivors (9216K)
 Metaspace       used 214760K, committed 217792K, reserved 1245184K
  class space    used 29327K, committed 30848K, reserved 1048576K
}
Event: 1273.103 GC heap before
{Heap before GC invocations=71 (full 0):
 garbage-first heap   total 378880K, used 349560K [0x0000000080000000, 0x0000000100000000)
  region size 1024K, 123 young (125952K), 9 survivors (9216K)
 Metaspace       used 223935K, committed 226944K, reserved 1245184K
  class space    used 30429K, committed 31936K, reserved 1048576K
}
Event: 1273.123 GC heap after
{Heap after GC invocations=72 (full 0):
 garbage-first heap   total 378880K, used 235941K [0x0000000080000000, 0x0000000100000000)
  region size 1024K, 16 young (16384K), 16 survivors (16384K)
 Metaspace       used 223935K, committed 226944K, reserved 1245184K
  class space    used 30429K, committed 31936K, reserved 1048576K
}
Event: 1275.076 GC heap before
{Heap before GC invocations=72 (full 0):
 garbage-first heap   total 378880K, used 342437K [0x0000000080000000, 0x0000000100000000)
  region size 1024K, 120 young (122880K), 16 survivors (16384K)
 Metaspace       used 239477K, committed 242496K, reserved 1310720K
  class space    used 31989K, committed 33472K, reserved 1048576K
}
Event: 1275.090 GC heap after
{Heap after GC invocations=73 (full 0):
 garbage-first heap   total 378880K, used 241018K [0x0000000080000000, 0x0000000100000000)
  region size 1024K, 13 young (13312K), 13 survivors (13312K)
 Metaspace       used 239477K, committed 242496K, reserved 1310720K
  class space    used 31989K, committed 33472K, reserved 1048576K
}
Event: 1276.084 GC heap before
{Heap before GC invocations=74 (full 0):
 garbage-first heap   total 403456K, used 343418K [0x0000000080000000, 0x0000000100000000)
  region size 1024K, 113 young (115712K), 13 survivors (13312K)
 Metaspace       used 239539K, committed 242560K, reserved 1310720K
  class space    used 31983K, committed 33472K, reserved 1048576K
}
Event: 1276.109 GC heap after
{Heap after GC invocations=75 (full 0):
 garbage-first heap   total 403456K, used 261073K [0x0000000080000000, 0x0000000100000000)
  region size 1024K, 15 young (15360K), 15 survivors (15360K)
 Metaspace       used 239539K, committed 242560K, reserved 1310720K
  class space    used 31983K, committed 33472K, reserved 1048576K
}
Event: 1277.670 GC heap before
{Heap before GC invocations=75 (full 0):
 garbage-first heap   total 403456K, used 367569K [0x0000000080000000, 0x0000000100000000)
  region size 1024K, 118 young (120832K), 15 survivors (15360K)
 Metaspace       used 244809K, committed 247872K, reserved 1310720K
  class space    used 32513K, committed 34048K, reserved 1048576K
}
Event: 1277.687 GC heap after
{Heap after GC invocations=76 (full 0):
 garbage-first heap   total 403456K, used 266601K [0x0000000080000000, 0x0000000100000000)
  region size 1024K, 8 young (8192K), 8 survivors (8192K)
 Metaspace       used 244809K, committed 247872K, reserved 1310720K
  class space    used 32513K, committed 34048K, reserved 1048576K
}
Event: 1278.230 GC heap before
{Heap before GC invocations=76 (full 0):
 garbage-first heap   total 403456K, used 296297K [0x0000000080000000, 0x0000000100000000)
  region size 1024K, 38 young (38912K), 8 survivors (8192K)
 Metaspace       used 247796K, committed 250816K, reserved 1310720K
  class space    used 32826K, committed 34368K, reserved 1048576K
}
Event: 1278.237 GC heap after
{Heap after GC invocations=77 (full 0):
 garbage-first heap   total 472064K, used 267864K [0x0000000080000000, 0x0000000100000000)
  region size 1024K, 9 young (9216K), 9 survivors (9216K)
 Metaspace       used 247796K, committed 250816K, reserved 1310720K
  class space    used 32826K, committed 34368K, reserved 1048576K
}

