# JRE version: OpenJDK Runtime Environment (21.0.8) (build 21.0.8+-14018985-b1038.68)
# Java VM: OpenJDK 64-Bit Server VM (21.0.8+-14018985-b1038.68, mixed mode, tiered, compressed oops, compressed class ptrs, g1 gc, windows-amd64)
GC Precious Log:
 CardTable entry size: 512
 Card Set container configuration: InlinePtr #cards 5 size 8 Array Of Cards #cards 12 size 40 Howl #buckets 4 coarsen threshold 1843 Howl Bitmap #cards 512 size 80 coarsen threshold 460 Card regions per heap region 1 cards per card region 2048
 CPUs: 8 total, 8 available
 Memory: 7975M
 Large Page Support: Disabled
 NUMA Support: Disabled
 Compressed Oops: Enabled (32-bit)
 Heap Region Size: 1M
 Heap Min Capacity: 8M
 Heap Initial Capacity: 126M
 Heap Max Capacity: 1994M
 Pre-touch: Disabled
 Parallel Workers: 8
 Concurrent Workers: 2
 Concurrent Refinement Workers: 8
 Periodic GC: Disabled
Heap:
 garbage-first heap   total 131072K, used 66560K [0x0000000083600000, 0x0000000100000000)
  region size 1024K, 3 young (3072K), 3 survivors (3072K)
 Metaspace       used 62216K, committed 62464K, reserved 1114112K
  class space    used 7366K, committed 7488K, reserved 1048576K
GC Heap History (20 events):
Event: 22.025 GC heap after
{Heap after GC invocations=14 (full 0):
 garbage-first heap   total 54272K, used 31452K [0x0000000083600000, 0x0000000100000000)
  region size 1024K, 2 young (2048K), 2 survivors (2048K)
 Metaspace       used 49434K, committed 49664K, reserved 1114112K
  class space    used 5979K, committed 6080K, reserved 1048576K
}
Event: 22.400 GC heap before
{Heap before GC invocations=14 (full 0):
 garbage-first heap   total 54272K, used 45788K [0x0000000083600000, 0x0000000100000000)
  region size 1024K, 17 young (17408K), 2 survivors (2048K)
 Metaspace       used 52910K, committed 53184K, reserved 1114112K
  class space    used 6357K, committed 6464K, reserved 1048576K
}
Event: 22.408 GC heap after
{Heap after GC invocations=15 (full 0):
 garbage-first heap   total 54272K, used 32868K [0x0000000083600000, 0x0000000100000000)
  region size 1024K, 3 young (3072K), 3 survivors (3072K)
 Metaspace       used 52910K, committed 53184K, reserved 1114112K
  class space    used 6357K, committed 6464K, reserved 1048576K
}
Event: 22.863 GC heap before
{Heap before GC invocations=16 (full 0):
 garbage-first heap   total 56320K, used 46180K [0x0000000083600000, 0x0000000100000000)
  region size 1024K, 16 young (16384K), 3 survivors (3072K)
 Metaspace       used 54463K, committed 54720K, reserved 1114112K
  class space    used 6521K, committed 6656K, reserved 1048576K
}
Event: 22.871 GC heap after
{Heap after GC invocations=17 (full 0):
 garbage-first heap   total 56320K, used 35198K [0x0000000083600000, 0x0000000100000000)
  region size 1024K, 2 young (2048K), 2 survivors (2048K)
 Metaspace       used 54463K, committed 54720K, reserved 1114112K
  class space    used 6521K, committed 6656K, reserved 1048576K
}
Event: 23.106 GC heap before
{Heap before GC invocations=17 (full 0):
 garbage-first heap   total 56320K, used 49534K [0x0000000083600000, 0x0000000100000000)
  region size 1024K, 16 young (16384K), 2 survivors (2048K)
 Metaspace       used 56121K, committed 56320K, reserved 1114112K
  class space    used 6681K, committed 6784K, reserved 1048576K
}
Event: 23.114 GC heap after
{Heap after GC invocations=18 (full 0):
 garbage-first heap   total 56320K, used 38546K [0x0000000083600000, 0x0000000100000000)
  region size 1024K, 2 young (2048K), 2 survivors (2048K)
 Metaspace       used 56121K, committed 56320K, reserved 1114112K
  class space    used 6681K, committed 6784K, reserved 1048576K
}
Event: 23.242 GC heap before
{Heap before GC invocations=18 (full 0):
 garbage-first heap   total 56320K, used 46738K [0x0000000083600000, 0x0000000100000000)
  region size 1024K, 11 young (11264K), 2 survivors (2048K)
 Metaspace       used 56750K, committed 57024K, reserved 1114112K
  class space    used 6744K, committed 6848K, reserved 1048576K
}
Event: 23.248 GC heap after
{Heap after GC invocations=19 (full 0):
 garbage-first heap   total 67584K, used 41389K [0x0000000083600000, 0x0000000100000000)
  region size 1024K, 2 young (2048K), 2 survivors (2048K)
 Metaspace       used 56750K, committed 57024K, reserved 1114112K
  class space    used 6744K, committed 6848K, reserved 1048576K
}
Event: 23.324 GC heap before
{Heap before GC invocations=20 (full 0):
 garbage-first heap   total 71680K, used 56749K [0x0000000083600000, 0x0000000100000000)
  region size 1024K, 16 young (16384K), 2 survivors (2048K)
 Metaspace       used 56779K, committed 57024K, reserved 1114112K
  class space    used 6744K, committed 6848K, reserved 1048576K
}
Event: 23.336 GC heap after
{Heap after GC invocations=21 (full 0):
 garbage-first heap   total 71680K, used 48128K [0x0000000083600000, 0x0000000100000000)
  region size 1024K, 2 young (2048K), 2 survivors (2048K)
 Metaspace       used 56779K, committed 57024K, reserved 1114112K
  class space    used 6744K, committed 6848K, reserved 1048576K
}
Event: 23.591 GC heap before
{Heap before GC invocations=21 (full 0):
 garbage-first heap   total 71680K, used 60416K [0x0000000083600000, 0x0000000100000000)
  region size 1024K, 14 young (14336K), 2 survivors (2048K)
 Metaspace       used 58137K, committed 58368K, reserved 1114112K
  class space    used 6918K, committed 7040K, reserved 1048576K
}
Event: 23.607 GC heap after
{Heap after GC invocations=22 (full 0):
 garbage-first heap   total 71680K, used 51200K [0x0000000083600000, 0x0000000100000000)
  region size 1024K, 2 young (2048K), 2 survivors (2048K)
 Metaspace       used 58137K, committed 58368K, reserved 1114112K
  class space    used 6918K, committed 7040K, reserved 1048576K
}
Event: 23.879 GC heap before
{Heap before GC invocations=22 (full 0):
 garbage-first heap   total 71680K, used 62464K [0x0000000083600000, 0x0000000100000000)
  region size 1024K, 13 young (13312K), 2 survivors (2048K)
 Metaspace       used 60996K, committed 61312K, reserved 1114112K
  class space    used 7244K, committed 7360K, reserved 1048576K
}
Event: 23.884 GC heap after
{Heap after GC invocations=23 (full 0):
 garbage-first heap   total 71680K, used 52663K [0x0000000083600000, 0x0000000100000000)
  region size 1024K, 1 young (1024K), 1 survivors (1024K)
 Metaspace       used 60996K, committed 61312K, reserved 1114112K
  class space    used 7244K, committed 7360K, reserved 1048576K
}
Event: 24.022 GC heap before
{Heap before GC invocations=24 (full 0):
 garbage-first heap   total 89088K, used 61879K [0x0000000083600000, 0x0000000100000000)
  region size 1024K, 11 young (11264K), 1 survivors (1024K)
 Metaspace       used 61314K, committed 61568K, reserved 1114112K
  class space    used 7269K, committed 7360K, reserved 1048576K
}
Event: 24.030 GC heap after
{Heap after GC invocations=25 (full 0):
 garbage-first heap   total 89088K, used 56054K [0x0000000083600000, 0x0000000100000000)
  region size 1024K, 2 young (2048K), 2 survivors (2048K)
 Metaspace       used 61314K, committed 61568K, reserved 1114112K
  class space    used 7269K, committed 7360K, reserved 1048576K
}
Event: 24.215 GC heap before
{Heap before GC invocations=25 (full 0):
 garbage-first heap   total 89088K, used 74486K [0x0000000083600000, 0x0000000100000000)
  region size 1024K, 21 young (21504K), 2 survivors (2048K)
 Metaspace       used 61839K, committed 62080K, reserved 1114112K
  class space    used 7322K, committed 7424K, reserved 1048576K
}
Event: 24.225 GC heap after
{Heap after GC invocations=26 (full 0):
 garbage-first heap   total 89088K, used 61847K [0x0000000083600000, 0x0000000100000000)
  region size 1024K, 3 young (3072K), 3 survivors (3072K)
 Metaspace       used 61839K, committed 62080K, reserved 1114112K
  class space    used 7322K, committed 7424K, reserved 1048576K
}
Event: 24.358 GC heap before
{Heap before GC invocations=26 (full 0):
 garbage-first heap   total 89088K, used 76183K [0x0000000083600000, 0x0000000100000000)
  region size 1024K, 17 young (17408K), 3 survivors (3072K)
 Metaspace       used 62216K, committed 62464K, reserved 1114112K
  class space    used 7366K, committed 7488K, reserved 1048576K
}

